\BOOKMARK [1][-]{section.1}{Introduction}{}% 1
\BOOKMARK [1][-]{section.2}{Literature\040review}{}% 2
\BOOKMARK [2][-]{subsection.2.1}{Reachability\040analysis}{section.2}% 3
\BOOKMARK [1][-]{section.3}{Multi-robot\040trajectory\040planning\040with\040co-observation}{}% 4
\BOOKMARK [2][-]{subsection.3.1}{Preliminaries}{section.3}% 5
\BOOKMARK [3][-]{subsubsection.3.1.1}{Differentials}{subsection.3.1}% 6
\BOOKMARK [3][-]{subsubsection.3.1.2}{Householder\040rotations}{subsection.3.1}% 7
\BOOKMARK [3][-]{subsubsection.3.1.3}{Alternating\040Directions\040Method\040of\040Multipliers\040\(ADMM\)}{subsection.3.1}% 8
\BOOKMARK [2][-]{subsection.3.2}{Velocity\040constraints}{section.3}% 9
\BOOKMARK [2][-]{subsection.3.3}{Convex\040polygonal\040obstacles\040collision\040constraints}{section.3}% 10
\BOOKMARK [2][-]{subsection.3.4}{Waypoints\040with\040flexible\040deadlines}{section.3}% 11
\BOOKMARK [2][-]{subsection.3.5}{Co-observation\040schedule\040constraint}{section.3}% 12
\BOOKMARK [2][-]{subsection.3.6}{Definition\040of\040ellipsoidal\040reachability\040regions}{section.3}% 13
\BOOKMARK [3][-]{subsubsection.3.6.1}{Transformation\040to\040canonical\040coordinates}{subsection.3.6}% 14
\BOOKMARK [2][-]{subsection.3.7}{Point-ellipsoid\040reachability\040constraint}{section.3}% 15
\BOOKMARK [2][-]{subsection.3.8}{Plane-ellipsoid\040reachability\040constraint}{section.3}% 16
\BOOKMARK [2][-]{subsection.3.9}{Line-segment-ellipse\040reachability\040constraint}{section.3}% 17
\BOOKMARK [2][-]{subsection.3.10}{Convex-polygon-ellipse\040reachability\040constraint}{section.3}% 18
\BOOKMARK [2][-]{subsection.3.11}{Secured\040planning\040results\040and\040limitation}{section.3}% 19
\BOOKMARK [3][-]{subsubsection.3.11.1}{Limitations}{subsection.3.11}% 20
\BOOKMARK [1][-]{section.4}{Cross-trajectory\040co-observation\040planning}{}% 21
\BOOKMARK [2][-]{subsection.4.1}{Problem\040overview}{section.4}% 22
\BOOKMARK [2][-]{subsection.4.2}{Rapidly-exploring\040Random\040Trees}{section.4}% 23
\BOOKMARK [2][-]{subsection.4.3}{Checkpoint\040graph\040construction}{section.4}% 24
\BOOKMARK [3][-]{subsubsection.4.3.1}{Checkpoints}{subsection.4.3}% 25
\BOOKMARK [3][-]{subsubsection.4.3.2}{Cross-trajectory\040edges}{subsection.4.3}% 26
\BOOKMARK [3][-]{subsubsection.4.3.3}{In-trajectory\040edges}{subsection.4.3}% 27
\BOOKMARK [2][-]{subsection.4.4}{Co-observation\040planning\040problem}{section.4}% 28
\BOOKMARK [2][-]{subsection.4.5}{Co-observation\040performance}{section.4}% 29
\BOOKMARK [2][-]{subsection.4.6}{Result\040and\040simulation}{section.4}% 30
\BOOKMARK [1][-]{section.5}{Summary}{}% 31
\BOOKMARK [1][-]{section*.18}{Appendix}{}% 32
\BOOKMARK [2][-]{subsection.Appendix.A.1}{Proof\040of\040proposition\0401}{section*.18}% 33
\BOOKMARK [2][-]{subsection.Appendix.A.2}{Proof\040or\040proposition\0402}{section*.18}% 34
\BOOKMARK [2][-]{subsection.Appendix.A.3}{Proof\040of\040proposition\0403}{section*.18}% 35
\BOOKMARK [2][-]{subsection.Appendix.A.4}{Proof\040of\040proposition\0404}{section*.18}% 36
\BOOKMARK [1][-]{section*.19}{References}{}% 37
